<?xml version="1.0" encoding="UTF-8"?>
<!-- Generated by org.testng.reporters.JUnitXMLReporter -->
<testsuite ignored="0" hostname="Sohail-PC" failures="0" tests="5" name="Surefire test" time="6.105" errors="0" timestamp="2022-12-26T13:28:22 IST">
  <testcase classname="com.rest.spotify.oauth2.tests.PlaylistTests" name="createPlaylistWithExpiredToken" time="3.391"/>
  <testcase classname="com.rest.spotify.oauth2.tests.PlaylistTests" name="createPlaylistWithoutName" time="5.292"/>
  <testcase classname="com.rest.spotify.oauth2.tests.PlaylistTests" name="createPlaylist" time="5.513"/>
  <testcase classname="com.rest.spotify.oauth2.tests.PlaylistTests" name="getCreatedPlaylist" time="5.834"/>
  <testcase classname="com.rest.spotify.oauth2.tests.PlaylistTests" name="updateCreatedPlaylist" time="5.862"/>
</testsuite> <!-- Surefire test -->
