<?xml version="1.0" encoding="UTF-8"?>
<testsuite xmlns:xsi="http://www.w3.org/2001/XMLSchema-instance" xsi:noNamespaceSchemaLocation="https://maven.apache.org/surefire/maven-surefire-plugin/xsd/surefire-test-report-3.0.xsd" version="3.0" name="TestSuite" time="7.61" tests="5" errors="0" skipped="0" failures="0">
  <properties>
[...]
</properties>
  <testcase name="createPlaylistWithExpiredToken" classname="com.rest.spotify.oauth2.tests.PlaylistTests" time="3.398">
    <system-out><![CDATA[Starting Test....createPlaylist
Starting Test....createPlaylistWithExpiredToken
Starting Test....createPlaylistWithoutName
Starting Test....getCreatedPlaylist
Starting Test....updateCreatedPlaylist
Thread Count::38
Thread Count::40
Thread Count::39
Thread Count::42
Thread Count::41
Renewing Token....
Request method:	POST
Request URI:	https://accounts.spotify.com/api/token
Proxy:			<none>
Request params:	<none>
Query params:	<none>
Form params:	refresh_token=AQCJNmGcawQLL_zbDkPZII70aUZJw2cipeX6iMpkBqsavXXR4CFZLSIjhHuxCZvDE6ASpUegQ54yLaMWcerJq4877ac-H7xMeneqQscz8cSYuJv8STNKj0do6LEJEEygYiM
				grant_type=refresh_token
				client_secret=b5b60599841c4885b202a6488db5f340
				client_id=ddd182ff1b384657875fef036b6a8b4a
Path params:	<none>
Headers:		Accept=*/*
				Content-Type=application/x-www-form-urlencoded; charset=ISO-8859-1
Cookies:		<none>
Multiparts:		<none>
Body:			<none>
HTTP/1.1 401 Unauthorized
www-authenticate: Bearer realm="spotify", error="invalid_token", error_description="Invalid access token"
access-control-allow-origin: *
access-control-allow-headers: Accept, App-Platform, Authorization, Content-Type, Origin, Retry-After, Spotify-App-Version, X-Cloud-Trace-Context, client-token, content-access-token
access-control-allow-methods: GET, POST, OPTIONS, PUT, DELETE, PATCH
access-control-allow-credentials: true
access-control-max-age: 604800
content-type: application/json
content-encoding: gzip
strict-transport-security: max-age=31536000
x-content-type-options: nosniff
date: Mon, 26 Dec 2022 07:58:20 GMT
server: envoy
Via: HTTP/2 edgeproxy, 1.1 google
Alt-Svc: h3=":443"; ma=2592000,h3-29=":443"; ma=2592000
Transfer-Encoding: chunked

{
    "error": {
        "status": 401,
        "message": "Invalid access token"
    }
}
HTTP/1.1 200 OK
date: Mon, 26 Dec 2022 07:58:20 GMT
content-type: application/json
vary: Accept-Encoding
set-cookie: __Host-device_id=AQDIx-x_fzugG4bTLsc6g9w9BrCMVYlmdQnTn8IRgRKpM17u5tsj0Jd3EsPi7yW8DBXZ3HUVI89hfumm5DKbkEpipt4fmT-08As;Version=1;Path=/;Max-Age=2147483647;Secure;HttpOnly;SameSite=Lax
set-cookie: sp_tr=false;Version=1;Domain=accounts.spotify.com;Path=/;Secure;SameSite=Lax
sp-trace-id: 5a38760edc8922aa
content-encoding: gzip
x-envoy-upstream-service-time: 30
server: envoy
strict-transport-security: max-age=31536000
x-content-type-options: nosniff
Via: HTTP/2 edgeproxy, 1.1 google
Alt-Svc: h3=":443"; ma=2592000,h3-29=":443"; ma=2592000
Transfer-Encoding: chunked

{
    "access_token": "BQBtKEZ0lmV7FAtZIqXxmDk7cWCOD5j5vHG7H7_aBGSlajaU5wefQEY7Dy6ccKeqO1wpExp-nYUIaz7BpUWxzHEzcUkA7aRsqMIjgY5P6llqr9SkxCou7VsaPdDlT8uZinZZeevQBAwOLSl0AVj-TasfAvu8QrS2Z0uYtDugoQRTcCK4uEy3QtlnHLe3FLTdZZ8D1dePqgAB-1sqsRWxq8Cmznm6I7q59ffQ75IYudTqtk6yKKiX8rMpSB2cslAB9FQxyDqutQqwr0tH",
    "token_type": "Bearer",
    "expires_in": 3600,
    "scope": "playlist-read-private playlist-read-collaborative playlist-modify-private playlist-modify-public"
}
]]></system-out>
    <system-err><![CDATA[SLF4J: Failed to load class "org.slf4j.impl.StaticLoggerBinder".
SLF4J: Defaulting to no-operation (NOP) logger implementation
SLF4J: See http://www.slf4j.org/codes.html#StaticLoggerBinder for further details.
]]></system-err>
  </testcase>
  <testcase name="createPlaylistWithoutName" classname="com.rest.spotify.oauth2.tests.PlaylistTests" time="5.283">
    <system-out><![CDATA[Token is good to use
Token is good to use
Token is good to use
Request method:	POST
Request URI:	https://api.spotify.com/v1/users/31onjdol7ptbi2uiwakbbajbm32y/playlists
Proxy:			<none>
Request params:	<none>
Query params:	<none>
Form params:	<none>
Path params:	<none>
Headers:		Accept=*/*
				Content-Type=application/json
Cookies:		<none>
Multiparts:		<none>
Body:
{
    "description": "Playlist h8H,^33^,m,4R*^F7^,",
    "name": "Playlistw7-1 ,R5 0",
    "public": false
}
Request method:	POST
Request URI:	https://api.spotify.com/v1/users/31onjdol7ptbi2uiwakbbajbm32y/playlists
Proxy:			<none>
Request params:	<none>
Query params:	<none>
Form params:	<none>
Path params:	<none>
Headers:		Accept=*/*
				Content-Type=application/json
Cookies:		<none>
Multiparts:		<none>
Body:
{
    "description": "PlaylistS U* 0Z^$#)g*nF5J* *",
    "name": "Playlistn  NNy_,_ ",
    "public": false
}
Request method:	POST
Request URI:	https://api.spotify.com/v1/users/31onjdol7ptbi2uiwakbbajbm32y/playlists
Proxy:			<none>
Request params:	<none>
Query params:	<none>
Form params:	<none>
Path params:	<none>
Headers:		Accept=*/*
				Content-Type=application/json
Cookies:		<none>
Multiparts:		<none>
Body:
{
    "description": "Playlist)(% ,^e5V,)6)^H^W,^ ",
    "name": "",
    "public": false
}
Request method:	POST
Request URI:	https://api.spotify.com/v1/users/31onjdol7ptbi2uiwakbbajbm32y/playlists
Proxy:			<none>
Request params:	<none>
Query params:	<none>
Form params:	<none>
Path params:	<none>
Headers:		Accept=*/*
				Content-Type=application/json
Cookies:		<none>
Multiparts:		<none>
Body:
{
    "description": "Playlist^B6* lX)6*o& VG,g(^J",
    "name": "Playlist-__ X_a-,2",
    "public": false
}
HTTP/1.1 400 Bad Request
content-type: application/json; charset=utf-8
cache-control: private, max-age=0
x-robots-tag: noindex, nofollow
access-control-allow-origin: *
access-control-allow-headers: Accept, App-Platform, Authorization, Content-Type, Origin, Retry-After, Spotify-App-Version, X-Cloud-Trace-Context, client-token, content-access-token
access-control-allow-methods: GET, POST, OPTIONS, PUT, DELETE, PATCH
access-control-allow-credentials: true
access-control-max-age: 604800
content-encoding: gzip
strict-transport-security: max-age=31536000
x-content-type-options: nosniff
date: Mon, 26 Dec 2022 07:58:22 GMT
server: envoy
Via: HTTP/2 edgeproxy, 1.1 google
Alt-Svc: h3=":443"; ma=2592000,h3-29=":443"; ma=2592000
Transfer-Encoding: chunked

{
    "error": {
        "status": 400,
        "message": "Missing required field: name"
    }
}
]]></system-out>
  </testcase>
  <testcase name="createPlaylist" classname="com.rest.spotify.oauth2.tests.PlaylistTests" time="5.508">
    <system-out><![CDATA[HTTP/1.1 201 Created
content-type: application/json; charset=utf-8
cache-control: private, max-age=0
location: https://api.spotify.com/v1/playlists/4YDgCErBeqSq5qJzBY8LED
x-robots-tag: noindex, nofollow
access-control-allow-origin: *
access-control-allow-headers: Accept, App-Platform, Authorization, Content-Type, Origin, Retry-After, Spotify-App-Version, X-Cloud-Trace-Context, client-token, content-access-token
access-control-allow-methods: GET, POST, OPTIONS, PUT, DELETE, PATCH
access-control-allow-credentials: true
access-control-max-age: 604800
content-encoding: gzip
strict-transport-security: max-age=31536000
x-content-type-options: nosniff
date: Mon, 26 Dec 2022 07:58:22 GMT
server: envoy
Via: HTTP/2 edgeproxy, 1.1 google
Alt-Svc: h3=":443"; ma=2592000,h3-29=":443"; ma=2592000
Transfer-Encoding: chunked

{
    "collaborative": false,
    "description": "Playlist^B6* lX)6*o& VG,g(^J",
    "external_urls": {
        "spotify": "https://open.spotify.com/playlist/4YDgCErBeqSq5qJzBY8LED"
    },
    "followers": {
        "href": null,
        "total": 0
    },
    "href": "https://api.spotify.com/v1/playlists/4YDgCErBeqSq5qJzBY8LED",
    "id": "4YDgCErBeqSq5qJzBY8LED",
    "images": [
        
    ],
    "name": "Playlist-__ X_a-,2",
    "owner": {
        "display_name": "Sho",
        "external_urls": {
            "spotify": "https://open.spotify.com/user/31onjdol7ptbi2uiwakbbajbm32y"
        },
        "href": "https://api.spotify.com/v1/users/31onjdol7ptbi2uiwakbbajbm32y",
        "id": "31onjdol7ptbi2uiwakbbajbm32y",
        "type": "user",
        "uri": "spotify:user:31onjdol7ptbi2uiwakbbajbm32y"
    },
    "primary_color": null,
    "public": false,
    "snapshot_id": "MSw2YWU3YzdjMTBjZWNiODE5ZWQ1YTJmNjQ2NTM0NTUwZTkwZGZkYzhl",
    "tracks": {
        "href": "https://api.spotify.com/v1/playlists/4YDgCErBeqSq5qJzBY8LED/tracks",
        "items": [
            
        ],
        "limit": 100,
        "next": null,
        "offset": 0,
        "previous": null,
        "total": 0
    },
    "type": "playlist",
    "uri": "spotify:playlist:4YDgCErBeqSq5qJzBY8LED"
}
HTTP/1.1 201 Created
content-type: application/json; charset=utf-8
cache-control: private, max-age=0
location: https://api.spotify.com/v1/playlists/5czE9e9r038wW9JWaTXEsN
x-robots-tag: noindex, nofollow
access-control-allow-origin: *
access-control-allow-headers: Accept, App-Platform, Authorization, Content-Type, Origin, Retry-After, Spotify-App-Version, X-Cloud-Trace-Context, client-token, content-access-token
access-control-allow-methods: GET, POST, OPTIONS, PUT, DELETE, PATCH
access-control-allow-credentials: true
access-control-max-age: 604800
content-encoding: gzip
strict-transport-security: max-age=31536000
x-content-type-options: nosniff
date: Mon, 26 Dec 2022 07:58:22 GMT
server: envoy
Via: HTTP/2 edgeproxy, 1.1 google
Alt-Svc: h3=":443"; ma=2592000,h3-29=":443"; ma=2592000
Transfer-Encoding: chunked

{
    "collaborative": false,
    "description": "PlaylistS U* 0Z^$#)g*nF5J* *",
    "external_urls": {
        "spotify": "https://open.spotify.com/playlist/5czE9e9r038wW9JWaTXEsN"
    },
    "followers": {
        "href": null,
        "total": 0
    },
    "href": "https://api.spotify.com/v1/playlists/5czE9e9r038wW9JWaTXEsN",
    "id": "5czE9e9r038wW9JWaTXEsN",
    "images": [
        
    ],
    "name": "Playlistn  NNy_,_ ",
    "owner": {
        "display_name": "Sho",
        "external_urls": {
            "spotify": "https://open.spotify.com/user/31onjdol7ptbi2uiwakbbajbm32y"
        },
        "href": "https://api.spotify.com/v1/users/31onjdol7ptbi2uiwakbbajbm32y",
        "id": "31onjdol7ptbi2uiwakbbajbm32y",
        "type": "user",
        "uri": "spotify:user:31onjdol7ptbi2uiwakbbajbm32y"
    },
    "primary_color": null,
    "public": false,
    "snapshot_id": "MSwxZDI4MGRlMTNhODY3YmFjY2U5ZmViNjQ4ZjhmOTMzOGVkYzZiZTVk",
    "tracks": {
        "href": "https://api.spotify.com/v1/playlists/5czE9e9r038wW9JWaTXEsN/tracks",
        "items": [
            
        ],
        "limit": 100,
        "next": null,
        "offset": 0,
        "previous": null,
        "total": 0
    },
    "type": "playlist",
    "uri": "spotify:playlist:5czE9e9r038wW9JWaTXEsN"
}
Token is good to use
]]></system-out>
  </testcase>
  <testcase name="getCreatedPlaylist" classname="com.rest.spotify.oauth2.tests.PlaylistTests" time="5.828">
    <system-out><![CDATA[Request method:	GET
Request URI:	https://api.spotify.com/v1/playlists/4YDgCErBeqSq5qJzBY8LED
Proxy:			<none>
Request params:	<none>
Query params:	<none>
Form params:	<none>
Path params:	<none>
Headers:		Accept=*/*
				Content-Type=application/json
Cookies:		<none>
Multiparts:		<none>
Body:			<none>
HTTP/1.1 201 Created
content-type: application/json; charset=utf-8
cache-control: private, max-age=0
location: https://api.spotify.com/v1/playlists/4sY4YgpyjPrZM25GKAQlCQ
x-robots-tag: noindex, nofollow
access-control-allow-origin: *
access-control-allow-headers: Accept, App-Platform, Authorization, Content-Type, Origin, Retry-After, Spotify-App-Version, X-Cloud-Trace-Context, client-token, content-access-token
access-control-allow-methods: GET, POST, OPTIONS, PUT, DELETE, PATCH
access-control-allow-credentials: true
access-control-max-age: 604800
content-encoding: gzip
strict-transport-security: max-age=31536000
x-content-type-options: nosniff
date: Mon, 26 Dec 2022 07:58:22 GMT
server: envoy
Via: HTTP/2 edgeproxy, 1.1 google
Alt-Svc: h3=":443"; ma=2592000,h3-29=":443"; ma=2592000
Transfer-Encoding: chunked

{
    "collaborative": false,
    "description": "Playlist h8H,^33^,m,4R*^F7^,",
    "external_urls": {
        "spotify": "https://open.spotify.com/playlist/4sY4YgpyjPrZM25GKAQlCQ"
    },
    "followers": {
        "href": null,
        "total": 0
    },
    "href": "https://api.spotify.com/v1/playlists/4sY4YgpyjPrZM25GKAQlCQ",
    "id": "4sY4YgpyjPrZM25GKAQlCQ",
    "images": [
        
    ],
    "name": "Playlistw7-1 ,R5 0",
    "owner": {
        "display_name": "Sho",
        "external_urls": {
            "spotify": "https://open.spotify.com/user/31onjdol7ptbi2uiwakbbajbm32y"
        },
        "href": "https://api.spotify.com/v1/users/31onjdol7ptbi2uiwakbbajbm32y",
        "id": "31onjdol7ptbi2uiwakbbajbm32y",
        "type": "user",
        "uri": "spotify:user:31onjdol7ptbi2uiwakbbajbm32y"
    },
    "primary_color": null,
    "public": false,
    "snapshot_id": "MSwwMWY5MTY5M2IwY2M2ZjA0ZWE5MzEzNjhlMjA5MGYxZDUzMzc2YzZk",
    "tracks": {
        "href": "https://api.spotify.com/v1/playlists/4sY4YgpyjPrZM25GKAQlCQ/tracks",
        "items": [
            
        ],
        "limit": 100,
        "next": null,
        "offset": 0,
        "previous": null,
        "total": 0
    },
    "type": "playlist",
    "uri": "spotify:playlist:4sY4YgpyjPrZM25GKAQlCQ"
}
Token is good to use
Request method:	PUT
Request URI:	https://api.spotify.com/v1/playlists/4sY4YgpyjPrZM25GKAQlCQ
Proxy:			<none>
Request params:	<none>
Query params:	<none>
Form params:	<none>
Path params:	<none>
Headers:		Accept=*/*
				Content-Type=application/json
Cookies:		<none>
Multiparts:		<none>
Body:
{
    "description": "Playlist&#^C^,6*(9j^^%HIF VX",
    "name": "Playlist- s_0 _jG_",
    "public": false
}
HTTP/1.1 200 OK
content-type: application/json; charset=utf-8
cache-control: public, max-age=0
etag: "MC-ImU5NGNhZTk0MjIzOTk4MTQzNjQ5ZTZhMzllNWY2ODI2Ig=="
x-robots-tag: noindex, nofollow
access-control-allow-origin: *
access-control-allow-headers: Accept, App-Platform, Authorization, Content-Type, Origin, Retry-After, Spotify-App-Version, X-Cloud-Trace-Context, client-token, content-access-token
access-control-allow-methods: GET, POST, OPTIONS, PUT, DELETE, PATCH
access-control-allow-credentials: true
access-control-max-age: 604800
content-encoding: gzip
strict-transport-security: max-age=31536000
x-content-type-options: nosniff
date: Mon, 26 Dec 2022 07:58:23 GMT
server: envoy
Via: HTTP/2 edgeproxy, 1.1 google
Alt-Svc: h3=":443"; ma=2592000,h3-29=":443"; ma=2592000
Transfer-Encoding: chunked

{
    "collaborative": false,
    "description": "Playlist^B6* lX)6*o&amp; VG,g(^J",
    "external_urls": {
        "spotify": "https://open.spotify.com/playlist/4YDgCErBeqSq5qJzBY8LED"
    },
    "followers": {
        "href": null,
        "total": 0
    },
    "href": "https://api.spotify.com/v1/playlists/4YDgCErBeqSq5qJzBY8LED",
    "id": "4YDgCErBeqSq5qJzBY8LED",
    "images": [
        
    ],
    "name": "Playlist-__ X_a-,2",
    "owner": {
        "display_name": "Sho",
        "external_urls": {
            "spotify": "https://open.spotify.com/user/31onjdol7ptbi2uiwakbbajbm32y"
        },
        "href": "https://api.spotify.com/v1/users/31onjdol7ptbi2uiwakbbajbm32y",
        "id": "31onjdol7ptbi2uiwakbbajbm32y",
        "type": "user",
        "uri": "spotify:user:31onjdol7ptbi2uiwakbbajbm32y"
    },
    "primary_color": null,
    "public": false,
    "snapshot_id": "MixkZjJlY2Q0MGZjZTgyNGYwZjQwMTgzMWMwNTExODNiYjE5ZmJlNDVk",
    "tracks": {
        "href": "https://api.spotify.com/v1/playlists/4YDgCErBeqSq5qJzBY8LED/tracks?offset=0&limit=100",
        "items": [
            
        ],
        "limit": 100,
        "next": null,
        "offset": 0,
        "previous": null,
        "total": 0
    },
    "type": "playlist",
    "uri": "spotify:playlist:4YDgCErBeqSq5qJzBY8LED"
}
Got playlistID for CreatedPlaylist::4sY4YgpyjPrZM25GKAQlCQ
]]></system-out>
  </testcase>
  <testcase name="updateCreatedPlaylist" classname="com.rest.spotify.oauth2.tests.PlaylistTests" time="5.858">
    <system-out><![CDATA[HTTP/1.1 200 OK
cache-control: private, max-age=0
x-robots-tag: noindex, nofollow
access-control-allow-origin: *
access-control-allow-headers: Accept, App-Platform, Authorization, Content-Type, Origin, Retry-After, Spotify-App-Version, X-Cloud-Trace-Context, client-token, content-access-token
access-control-allow-methods: GET, POST, OPTIONS, PUT, DELETE, PATCH
access-control-allow-credentials: true
access-control-max-age: 604800
Content-Length: 0
strict-transport-security: max-age=31536000
x-content-type-options: nosniff
date: Mon, 26 Dec 2022 07:58:23 GMT
server: envoy
Via: HTTP/2 edgeproxy, 1.1 google
Alt-Svc: h3=":443"; ma=2592000,h3-29=":443"; ma=2592000
]]></system-out>
  </testcase>
</testsuite>